[2020-07-13T12:09:03.333] [DEBUG] cheese - login => username:admin,password:123456
[2020-07-13T12:09:03.334] [DEBUG] cheese - admin
[2020-07-13T12:09:03.347] [DEBUG] cheese - null
[2020-07-13T12:09:03.348] [DEBUG] cheese - null
[2020-07-15T13:35:51.769] [DEBUG] cheese - login => username:admin,password:123456
[2020-07-15T13:35:51.771] [DEBUG] cheese - admin
[2020-07-15T13:35:51.788] [DEBUG] cheese - null
[2020-07-15T13:35:51.788] [DEBUG] cheese - null
[2020-07-15T13:36:12.290] [DEBUG] cheese - login => username:admin,password:123456
[2020-07-15T13:36:12.290] [DEBUG] cheese - admin
[2020-07-15T13:36:12.292] [DEBUG] cheese - null
[2020-07-15T13:36:12.293] [DEBUG] cheese - null
[2020-07-15T14:56:48.308] [DEBUG] cheese - login => username:admin,password:123456
[2020-07-15T14:56:48.308] [DEBUG] cheese - admin
[2020-07-15T14:56:48.311] [DEBUG] cheese - null
[2020-07-15T14:56:48.311] [DEBUG] cheese - null
[2020-07-15T14:57:02.271] [DEBUG] cheese - login => username:admin,password:123456
[2020-07-15T14:57:02.271] [DEBUG] cheese - admin
[2020-07-15T14:57:02.273] [DEBUG] cheese - null
[2020-07-15T14:57:02.274] [DEBUG] cheese - null
[2020-07-15T14:57:04.798] [DEBUG] cheese - login => username:admin,password:123456
[2020-07-15T14:57:04.798] [DEBUG] cheese - admin
[2020-07-15T14:57:04.801] [DEBUG] cheese - null
[2020-07-15T14:57:04.801] [DEBUG] cheese - null
[2020-07-15T16:09:19.962] [DEBUG] cheese - login => username:admin,password:123456
[2020-07-15T16:09:19.962] [DEBUG] cheese - admin
[2020-07-15T16:09:19.966] [DEBUG] cheese - null
[2020-07-15T16:09:19.966] [DEBUG] cheese - null
[2020-07-15T16:09:41.750] [DEBUG] cheese - login => username:admin,password:123456
[2020-07-15T16:09:41.750] [DEBUG] cheese - admin
[2020-07-15T16:09:41.753] [DEBUG] cheese - null
[2020-07-15T16:09:41.754] [DEBUG] cheese - null
[2020-07-15T16:09:47.463] [DEBUG] cheese - login => username:admin,password:123456
[2020-07-15T16:09:47.463] [DEBUG] cheese - admin
[2020-07-15T16:09:47.465] [DEBUG] cheese - null
[2020-07-15T16:09:47.466] [DEBUG] cheese - null
[2020-07-15T16:10:17.950] [DEBUG] cheese - login => username:admin,password:123456
[2020-07-15T16:10:17.950] [DEBUG] cheese - admin
[2020-07-15T16:10:17.952] [DEBUG] cheese - null
[2020-07-15T16:10:17.952] [DEBUG] cheese - null
[2020-07-16T08:54:17.985] [DEBUG] cheese - login => username:admin,password:123456
[2020-07-16T08:54:17.987] [DEBUG] cheese - admin
[2020-07-16T08:54:18.001] [DEBUG] cheese - null
[2020-07-16T08:54:18.001] [DEBUG] cheese - null
[2020-07-16T09:15:37.092] [DEBUG] cheese - login => username:admin,password:123456
[2020-07-16T09:15:37.094] [DEBUG] cheese - admin
[2020-07-16T09:15:37.097] [DEBUG] cheese - null
[2020-07-16T09:15:37.097] [DEBUG] cheese - null
[2020-07-16T09:16:43.305] [DEBUG] cheese - login => username:admin,password:123456
[2020-07-16T09:16:43.305] [DEBUG] cheese - admin
[2020-07-16T09:16:43.309] [DEBUG] cheese - null
[2020-07-16T09:16:43.309] [DEBUG] cheese - null
[2020-07-16T09:30:02.608] [DEBUG] cheese - login => username:admin,password:123456
[2020-07-16T09:30:02.609] [DEBUG] cheese - admin
[2020-07-16T09:30:02.611] [DEBUG] cheese - null
[2020-07-16T09:30:02.611] [DEBUG] cheese - null
[2020-07-16T09:30:26.279] [DEBUG] cheese - login => username:admin,password:123456
[2020-07-16T09:30:26.279] [DEBUG] cheese - admin
[2020-07-16T09:30:26.282] [DEBUG] cheese - null
[2020-07-16T09:30:26.282] [DEBUG] cheese - null
[2020-07-16T09:31:03.070] [DEBUG] cheese - login => username:admin,password:123456
[2020-07-16T09:31:03.070] [DEBUG] cheese - admin
[2020-07-16T09:31:03.073] [DEBUG] cheese - null
[2020-07-16T09:31:03.073] [DEBUG] cheese - null
[2020-07-16T09:31:09.646] [DEBUG] cheese - login => username:admin,password:123456
[2020-07-16T09:31:09.647] [DEBUG] cheese - admin
[2020-07-16T09:31:09.649] [DEBUG] cheese - null
[2020-07-16T09:31:09.649] [DEBUG] cheese - null
[2020-07-16T09:31:25.231] [DEBUG] cheese - login => username:admin,password:123456
[2020-07-16T09:31:25.231] [DEBUG] cheese - admin
[2020-07-16T09:31:25.235] [DEBUG] cheese - null
[2020-07-16T09:31:25.235] [DEBUG] cheese - null
[2020-07-16T09:31:45.396] [DEBUG] cheese - login => username:admin,password:123456
[2020-07-16T09:31:45.396] [DEBUG] cheese - admin
[2020-07-16T09:31:45.399] [DEBUG] cheese - null
[2020-07-16T09:31:45.399] [DEBUG] cheese - null
[2020-07-16T09:31:50.752] [DEBUG] cheese - login => username:admin,password:123456
[2020-07-16T09:31:50.752] [DEBUG] cheese - admin
[2020-07-16T09:31:50.754] [DEBUG] cheese - null
[2020-07-16T09:31:50.754] [DEBUG] cheese - null
[2020-07-16T09:32:26.210] [DEBUG] cheese - login => username:admin,password:123456
[2020-07-16T09:32:26.210] [DEBUG] cheese - admin
[2020-07-16T09:32:26.212] [DEBUG] cheese - null
[2020-07-16T09:32:26.212] [DEBUG] cheese - null
[2020-07-16T09:32:39.710] [DEBUG] cheese - login => username:admin,password:123456
[2020-07-16T09:32:39.710] [DEBUG] cheese - admin
[2020-07-16T09:32:39.712] [DEBUG] cheese - null
[2020-07-16T09:32:39.712] [DEBUG] cheese - null
[2020-07-16T09:32:58.255] [DEBUG] cheese - login => username:admin,password:123456
[2020-07-16T09:32:58.255] [DEBUG] cheese - admin
[2020-07-16T09:32:58.258] [DEBUG] cheese - null
[2020-07-16T09:32:58.258] [DEBUG] cheese - null
[2020-07-16T09:33:10.739] [DEBUG] cheese - login => username:admin,password:123456
[2020-07-16T09:33:10.739] [DEBUG] cheese - admin
[2020-07-16T09:33:10.746] [DEBUG] cheese - null
[2020-07-16T09:33:10.746] [DEBUG] cheese - null
[2020-07-16T17:04:33.296] [DEBUG] cheese - login => username:admin,password:123456
[2020-07-16T17:04:33.300] [DEBUG] cheese - admin
[2020-07-16T17:04:33.310] [DEBUG] cheese - null
[2020-07-16T17:04:33.311] [DEBUG] cheese - null
[2020-07-27T14:31:43.858] [DEBUG] cheese - login => username:admin,password:123456
[2020-07-27T14:31:43.861] [DEBUG] cheese - admin
[2020-07-27T14:31:43.878] [DEBUG] cheese - null
[2020-07-27T14:31:43.879] [DEBUG] cheese - null
[2020-07-28T15:19:32.361] [DEBUG] cheese - login => username:admin,password:123456
[2020-07-28T15:19:32.363] [DEBUG] cheese - admin
[2020-07-28T15:19:32.374] [DEBUG] cheese - null
[2020-07-28T15:19:32.375] [DEBUG] cheese - null
[2020-08-03T09:31:43.697] [DEBUG] cheese - login => username:admin,password:123456
[2020-08-03T09:31:43.699] [DEBUG] cheese - admin
[2020-08-03T09:31:43.795] [DEBUG] cheese - null
[2020-08-03T09:31:43.796] [DEBUG] cheese - null
[2020-08-03T09:35:08.264] [DEBUG] cheese - login => username:admin,password:123456
[2020-08-03T09:35:08.264] [DEBUG] cheese - admin
[2020-08-03T09:35:08.272] [DEBUG] cheese - null
[2020-08-03T09:35:08.272] [DEBUG] cheese - null
[2020-08-21T14:24:42.356] [DEBUG] cheese - login => username:admin,password:123456
[2020-08-21T14:24:42.358] [DEBUG] cheese - admin
[2020-08-21T14:24:42.376] [DEBUG] cheese - null
[2020-08-21T14:24:42.376] [DEBUG] cheese - null
[2020-08-26T09:17:08.048] [DEBUG] cheese - login => username:admin,password:123456
[2020-08-26T09:17:08.049] [DEBUG] cheese - admin
[2020-08-26T09:17:08.066] [DEBUG] cheese - null
[2020-08-26T09:17:08.067] [DEBUG] cheese - null
[2020-08-29T12:47:31.386] [DEBUG] cheese - login => username:admin,password:admin
[2020-08-29T12:47:31.389] [DEBUG] cheese - admin
[2020-08-29T12:47:31.417] [DEBUG] cheese - null
[2020-08-29T12:47:31.417] [DEBUG] cheese - null
[2020-08-29T12:48:17.758] [DEBUG] cheese - login => username:admin,password:admin
[2020-08-29T12:48:17.758] [DEBUG] cheese - admin
[2020-08-29T12:48:17.761] [DEBUG] cheese - null
[2020-08-29T12:48:17.761] [DEBUG] cheese - null
[2020-08-29T12:48:29.317] [DEBUG] cheese - login => username:admin,password:admin
[2020-08-29T12:48:29.317] [DEBUG] cheese - admin
[2020-08-29T12:48:29.319] [DEBUG] cheese - null
[2020-08-29T12:48:29.319] [DEBUG] cheese - null
[2020-08-29T12:49:10.709] [DEBUG] cheese - login => username:admin,password:admin
[2020-08-29T12:49:10.709] [DEBUG] cheese - admin
[2020-08-29T12:49:10.711] [DEBUG] cheese - null
[2020-08-29T12:49:10.711] [DEBUG] cheese - null
[2020-08-29T12:49:50.036] [DEBUG] cheese - login => username:admin,password:admin
[2020-08-29T12:49:50.036] [DEBUG] cheese - admin
[2020-08-29T12:49:50.037] [DEBUG] cheese - null
[2020-08-29T12:49:50.037] [DEBUG] cheese - null
[2020-08-29T12:49:59.190] [DEBUG] cheese - login => username:admin,password:admin
[2020-08-29T12:49:59.190] [DEBUG] cheese - admin
[2020-08-29T12:49:59.191] [DEBUG] cheese - null
[2020-08-29T12:49:59.191] [DEBUG] cheese - null
[2020-08-29T12:50:10.290] [DEBUG] cheese - login => username:admin,password:admin
[2020-08-29T12:50:10.290] [DEBUG] cheese - admin
[2020-08-29T12:50:10.292] [DEBUG] cheese - null
[2020-08-29T12:50:10.292] [DEBUG] cheese - null
[2020-08-29T12:50:43.329] [DEBUG] cheese - login => username:admin,password:123456
[2020-08-29T12:50:43.329] [DEBUG] cheese - admin
[2020-08-29T12:50:43.330] [DEBUG] cheese - null
[2020-08-29T12:50:43.330] [DEBUG] cheese - null
[2020-08-29T12:52:03.538] [DEBUG] cheese - login => username:admin,password:asdasdad
[2020-08-29T12:52:03.538] [DEBUG] cheese - admin
[2020-08-29T12:52:03.540] [DEBUG] cheese - null
[2020-08-29T12:52:03.540] [DEBUG] cheese - null
[2020-08-29T12:52:43.616] [DEBUG] cheese - login => username:admin,password:asdasdad
[2020-08-29T12:52:43.616] [DEBUG] cheese - admin
[2020-08-29T12:52:43.617] [DEBUG] cheese - null
[2020-08-29T12:52:43.617] [DEBUG] cheese - null
[2020-08-29T12:56:53.471] [DEBUG] cheese - login => username:admin,password:sdasdada
[2020-08-29T12:56:53.471] [DEBUG] cheese - admin
[2020-08-29T12:56:53.476] [DEBUG] cheese - null
[2020-08-29T12:56:53.476] [DEBUG] cheese - null
[2020-08-29T12:56:58.198] [DEBUG] cheese - login => username:admin,password:dadas
[2020-08-29T12:56:58.198] [DEBUG] cheese - admin
[2020-08-29T12:56:58.200] [DEBUG] cheese - null
[2020-08-29T12:56:58.200] [DEBUG] cheese - null
[2020-08-29T12:57:03.125] [DEBUG] cheese - login => username:admin,password:123456
[2020-08-29T12:57:03.125] [DEBUG] cheese - admin
[2020-08-29T12:57:03.126] [DEBUG] cheese - null
[2020-08-29T12:57:03.127] [DEBUG] cheese - null
[2020-08-29T12:59:52.707] [DEBUG] cheese - login => username:admin,password:dasdasd
[2020-08-29T12:59:52.707] [DEBUG] cheese - admin
[2020-08-29T12:59:52.712] [DEBUG] cheese - null
[2020-08-29T12:59:52.712] [DEBUG] cheese - null
[2020-08-29T12:59:58.352] [DEBUG] cheese - login => username:admin,password:123456
[2020-08-29T12:59:58.352] [DEBUG] cheese - admin
[2020-08-29T12:59:58.353] [DEBUG] cheese - null
[2020-08-29T12:59:58.353] [DEBUG] cheese - null
[2020-08-29T13:00:05.316] [DEBUG] cheese - login => username:qqq,password:123456
[2020-08-29T13:00:05.316] [DEBUG] cheese - qqq
[2020-08-29T13:00:05.317] [DEBUG] cheese - null
[2020-08-29T13:00:05.317] [DEBUG] cheese - null
[2020-08-29T13:01:01.361] [DEBUG] cheese - login => username:sdasda,password:asdasdsa
[2020-08-29T13:01:01.361] [DEBUG] cheese - sdasda
[2020-08-29T13:01:01.363] [DEBUG] cheese - null
[2020-08-29T13:01:01.363] [DEBUG] cheese - null
[2020-08-29T13:13:15.160] [DEBUG] cheese - login => username:admin,password:23456
[2020-08-29T13:13:15.160] [DEBUG] cheese - admin
[2020-08-29T13:13:15.165] [DEBUG] cheese - null
[2020-08-29T13:13:15.165] [DEBUG] cheese - null
[2020-08-29T13:13:31.039] [DEBUG] cheese - login => username:admin,password:123456
[2020-08-29T13:13:31.039] [DEBUG] cheese - admin
[2020-08-29T13:13:31.041] [DEBUG] cheese - null
[2020-08-29T13:13:31.041] [DEBUG] cheese - null
[2020-08-29T14:27:11.091] [DEBUG] cheese - login => username:admin,password:123456
[2020-08-29T14:27:11.091] [DEBUG] cheese - admin
[2020-08-29T14:27:11.102] [DEBUG] cheese - null
[2020-08-29T14:27:11.102] [DEBUG] cheese - null
[2020-08-29T14:33:23.180] [DEBUG] cheese - login => username:admin,password:123456
[2020-08-29T14:33:23.180] [DEBUG] cheese - admin
[2020-08-29T14:33:23.186] [DEBUG] cheese - null
[2020-08-29T14:33:23.186] [DEBUG] cheese - null
[2020-08-29T15:46:37.332] [DEBUG] cheese - login => username:admin,password:123456
[2020-08-29T15:46:37.335] [DEBUG] cheese - admin
[2020-08-29T15:46:37.354] [DEBUG] cheese - null
[2020-08-29T15:46:37.355] [DEBUG] cheese - null
[2020-08-30T12:45:44.441] [DEBUG] cheese - login => username:admin,password:123456
[2020-08-30T12:45:44.443] [DEBUG] cheese - admin
[2020-08-30T12:45:44.465] [DEBUG] cheese - null
[2020-08-30T12:45:44.466] [DEBUG] cheese - null
[2020-08-31T09:18:45.515] [DEBUG] cheese - login => username:admin,password:123456
[2020-08-31T09:18:45.518] [DEBUG] cheese - admin
[2020-08-31T09:18:45.558] [DEBUG] cheese - null
[2020-08-31T09:18:45.559] [DEBUG] cheese - null
[2020-08-31T13:10:28.303] [DEBUG] cheese - login => username:admin,password:123456
[2020-08-31T13:10:28.303] [DEBUG] cheese - admin
[2020-08-31T13:10:28.311] [DEBUG] cheese - null
[2020-08-31T13:10:28.311] [DEBUG] cheese - null
[2020-09-01T13:41:37.792] [DEBUG] cheese - login => username:admin,password:123456
[2020-09-01T13:41:37.794] [DEBUG] cheese - admin
[2020-09-01T13:41:37.806] [DEBUG] cheese - null
[2020-09-01T13:41:37.806] [DEBUG] cheese - null
[2020-09-02T18:08:03.363] [DEBUG] cheese - login => username:admin,password:123456
[2020-09-02T18:08:03.364] [DEBUG] cheese - admin
[2020-09-02T18:08:03.375] [DEBUG] cheese - null
[2020-09-02T18:08:03.375] [DEBUG] cheese - null
[2020-09-03T18:12:57.541] [DEBUG] cheese - login => username:admin,password:123456
[2020-09-03T18:12:57.542] [DEBUG] cheese - admin
[2020-09-03T18:12:57.546] [DEBUG] cheese - null
[2020-09-03T18:12:57.546] [DEBUG] cheese - null
[2020-09-05T10:20:47.197] [DEBUG] cheese - login => username:admin,password:123456
[2020-09-05T10:20:47.198] [DEBUG] cheese - admin
[2020-09-05T10:20:47.217] [DEBUG] cheese - null
[2020-09-05T10:20:47.218] [DEBUG] cheese - null
[2020-09-06T12:10:54.989] [DEBUG] cheese - login => username:admin,password:123456
[2020-09-06T12:10:54.990] [DEBUG] cheese - admin
[2020-09-06T12:10:55.011] [DEBUG] cheese - null
[2020-09-06T12:10:55.011] [DEBUG] cheese - null
[2020-09-06T12:23:07.349] [DEBUG] cheese - null
[2020-09-06T12:25:12.649] [DEBUG] cheese - login => username:admin,password:123456
[2020-09-06T12:25:12.651] [DEBUG] cheese - admin
[2020-09-06T12:25:12.662] [DEBUG] cheese - null
[2020-09-06T12:25:12.662] [DEBUG] cheese - null
[2020-09-06T12:25:19.592] [DEBUG] cheese - null
[2020-09-06T12:47:58.274] [DEBUG] cheese - null
[2020-09-06T13:08:01.568] [DEBUG] cheese - null
[2020-09-06T13:19:49.923] [DEBUG] cheese - null
[2020-09-06T13:20:45.893] [DEBUG] cheese - null
[2020-09-06T13:21:15.929] [DEBUG] cheese - null
[2020-09-06T13:21:38.600] [DEBUG] cheese - null
[2020-09-06T13:22:25.117] [DEBUG] cheese - null
[2020-09-06T13:24:42.795] [DEBUG] cheese - null
[2020-09-06T13:24:51.843] [DEBUG] cheese - null
[2020-09-06T13:27:00.896] [DEBUG] cheese - null
[2020-09-06T13:27:10.353] [DEBUG] cheese - null
[2020-09-06T13:27:29.017] [DEBUG] cheese - null
[2020-09-06T13:27:34.259] [DEBUG] cheese - null
[2020-09-06T13:33:53.844] [DEBUG] cheese - null
[2020-09-07T10:06:41.929] [DEBUG] cheese - null
